Build started 6/18/2016 12:25:20.
     1>Project "C:\Users\gigac\Documents\Visual Studio 2013\Projects\Matrix-Vector Parallel Multiplication\Matrix-Vector Parallel Multiplication\Matrix-Vector Parallel Multiplication.vcxproj" on node 2 (Build target(s)).
     1>ClCompile:
         D:\visual-studio\VC\bin\CL.exe /c /Zi /nologo /W3 /WX- /sdl /MP /O2 /Oi /Oy- /GL /D WIN32 /D NDEBUG /D _CONSOLE /D _LIB /D _UNICODE /D UNICODE /Gm- /EHsc /MD /GS /Gy /fp:precise /Zc:wchar_t /Zc:forScope /openmp /Fo"Release\\" /Fd"Release\vc120.pdb" /Gd /TP /analyze- /errorReport:prompt Source.cpp
         Source.cpp
     1>Source.cpp(31): warning C4068: unknown pragma
     1>Source.cpp(80): warning C4244: 'initializing' : conversion from 'time_t' to 'long', possible loss of data
     1>Source.cpp(87): warning C4244: '=' : conversion from 'time_t' to 'long', possible loss of data
     1>Source.cpp(94): warning C4244: '=' : conversion from 'time_t' to 'long', possible loss of data
     1>Source.cpp(143): warning C4018: '<' : signed/unsigned mismatch
     1>Source.cpp(184): warning C4018: '<' : signed/unsigned mismatch
     1>Source.cpp(197): warning C4018: '<' : signed/unsigned mismatch
     1>Source.cpp(200): warning C4018: '<' : signed/unsigned mismatch
       Link:
         D:\visual-studio\VC\bin\link.exe /ERRORREPORT:PROMPT /OUT:"C:\Users\gigac\Documents\Visual Studio 2013\Projects\Matrix-Vector Parallel Multiplication\Release\Matrix-Vector Parallel Multiplication.exe" /INCREMENTAL:NO /NOLOGO kernel32.lib user32.lib gdi32.lib winspool.lib comdlg32.lib advapi32.lib shell32.lib ole32.lib oleaut32.lib uuid.lib odbc32.lib odbccp32.lib /MANIFEST /MANIFESTUAC:"level='asInvoker' uiAccess='false'" /manifest:embed /DEBUG /PDB:"C:\Users\gigac\Documents\Visual Studio 2013\Projects\Matrix-Vector Parallel Multiplication\Release\Matrix-Vector Parallel Multiplication.pdb" /SUBSYSTEM:CONSOLE /OPT:REF /OPT:ICF /LTCG /TLBID:1 /DYNAMICBASE /NXCOMPAT /IMPLIB:"C:\Users\gigac\Documents\Visual Studio 2013\Projects\Matrix-Vector Parallel Multiplication\Release\Matrix-Vector Parallel Multiplication.lib" /MACHINE:X86 /SAFESEH Release\Source.obj
         Generating code
         Finished generating code
         Matrix-Vector Parallel Multiplication.vcxproj -> C:\Users\gigac\Documents\Visual Studio 2013\Projects\Matrix-Vector Parallel Multiplication\Release\Matrix-Vector Parallel Multiplication.exe
     1>Done Building Project "C:\Users\gigac\Documents\Visual Studio 2013\Projects\Matrix-Vector Parallel Multiplication\Matrix-Vector Parallel Multiplication\Matrix-Vector Parallel Multiplication.vcxproj" (Build target(s)).

Build succeeded.

Time Elapsed 00:00:02.59
